[
  {
    "line": 1,
    "elements": [
      {
        "line": 4,
        "name": "Given User is on Landing page",
        "description": "",
        "type": "background",
        "keyword": "Background",
        "steps": []
      },
      {
        "before": [
          {
            "result": {
              "duration": 457391,
              "status": "passed"
            },
            "match": {
              "location": "Hooks.setUp()"
            }
          }
        ],
        "line": 8,
        "name": "Current location \"Create and edit\" verification",
        "description": "",
        "id": "repairs-module-verification;current-location-\"create-and-edit\"-verification",
        "after": [
          {
            "result": {
              "duration": 170140033,
              "status": "passed"
            },
            "match": {
              "location": "Hooks.tearDown(Scenario)"
            }
          }
        ],
        "type": "scenario",
        "keyword": "Scenario",
        "steps": [
          {
            "result": {
              "duration": 13928930136,
              "status": "passed"
            },
            "line": 9,
            "name": "User is on Landing page",
            "match": {
              "location": "CurrentLocation_StepDefs.user_is_on_Landing_page()"
            },
            "keyword": "Given "
          },
          {
            "result": {
              "duration": 8096454489,
              "status": "passed"
            },
            "line": 10,
            "name": "User click to repairs module",
            "match": {
              "location": "CurrentLocation_StepDefs.user_click_to_repairs_module()"
            },
            "keyword": "When "
          },
          {
            "result": {
              "duration": 76920721,
              "status": "passed"
            },
            "line": 11,
            "name": "User click create button",
            "match": {
              "location": "CurrentLocation_StepDefs.user_click_create_button()"
            },
            "keyword": "And "
          },
          {
            "result": {
              "duration": 752896004,
              "status": "passed"
            },
            "line": 12,
            "name": "User click current location box",
            "match": {
              "location": "CurrentLocation_StepDefs.user_click_current_location_box()"
            },
            "keyword": "And "
          },
          {
            "result": {
              "duration": 174144237,
              "status": "passed"
            },
            "line": 13,
            "name": "User select create and edit from dropdown list",
            "match": {
              "location": "CurrentLocation_StepDefs.user_select_create_and_edit_from_dropdown_list()"
            },
            "keyword": "And "
          },
          {
            "result": {
              "duration": 563901369,
              "status": "passed"
            },
            "line": 14,
            "name": "User sees pop-up page",
            "match": {
              "location": "CurrentLocation_StepDefs.user_sees_pop_up_page()"
            },
            "keyword": "Then "
          }
        ],
        "tags": [
          {
            "name": "@test1"
          }
        ]
      },
      {
        "line": 4,
        "name": "Given User is on Landing page",
        "description": "",
        "type": "background",
        "keyword": "Background",
        "steps": []
      },
      {
        "before": [
          {
            "result": {
              "duration": 39198,
              "status": "passed"
            },
            "match": {
              "location": "Hooks.setUp()"
            }
          }
        ],
        "line": 17,
        "name": "Current location \"Search more\" verification",
        "description": "",
        "id": "repairs-module-verification;current-location-\"search-more\"-verification",
        "after": [
          {
            "result": {
              "error_message": "org.openqa.selenium.NoSuchSessionException: invalid session id\nBuild info: version: \u00273.141.59\u0027, revision: \u0027e82be7d358\u0027, time: \u00272018-11-14T08:17:03\u0027\nSystem info: host: \u0027Anvars-MacBook-Pro.local\u0027, ip: \u0027fe80:0:0:0:83:14fe:b3f5:81c5%en0\u0027, os.name: \u0027Mac OS X\u0027, os.arch: \u0027x86_64\u0027, os.version: \u002710.15\u0027, java.version: \u002711.0.4\u0027\nDriver info: org.openqa.selenium.chrome.ChromeDriver\nCapabilities {acceptInsecureCerts: false, browserName: chrome, browserVersion: 80.0.3987.122, chrome: {chromedriverVersion: 80.0.3987.106 (f68069574609..., userDataDir: /var/folders/0r/rrs1rwd94h3...}, goog:chromeOptions: {debuggerAddress: localhost:60765}, javascriptEnabled: true, networkConnectionEnabled: false, pageLoadStrategy: normal, platform: MAC, platformName: MAC, proxy: Proxy(), setWindowRect: true, strictFileInteractability: false, timeouts: {implicit: 0, pageLoad: 300000, script: 30000}, unhandledPromptBehavior: dismiss and notify}\nSession ID: d12dd66c163f9b184f4aaec90600548e\n\tat java.base/jdk.internal.reflect.NativeConstructorAccessorImpl.newInstance0(Native Method)\n\tat java.base/jdk.internal.reflect.NativeConstructorAccessorImpl.newInstance(NativeConstructorAccessorImpl.java:62)\n\tat java.base/jdk.internal.reflect.DelegatingConstructorAccessorImpl.newInstance(DelegatingConstructorAccessorImpl.java:45)\n\tat java.base/java.lang.reflect.Constructor.newInstance(Constructor.java:490)\n\tat org.openqa.selenium.remote.http.W3CHttpResponseCodec.createException(W3CHttpResponseCodec.java:187)\n\tat org.openqa.selenium.remote.http.W3CHttpResponseCodec.decode(W3CHttpResponseCodec.java:122)\n\tat org.openqa.selenium.remote.http.W3CHttpResponseCodec.decode(W3CHttpResponseCodec.java:49)\n\tat org.openqa.selenium.remote.HttpCommandExecutor.execute(HttpCommandExecutor.java:158)\n\tat org.openqa.selenium.remote.service.DriverCommandExecutor.execute(DriverCommandExecutor.java:83)\n\tat org.openqa.selenium.remote.RemoteWebDriver.execute(RemoteWebDriver.java:552)\n\tat org.openqa.selenium.remote.RemoteWebDriver.execute(RemoteWebDriver.java:609)\n\tat org.openqa.selenium.remote.RemoteWebDriver.getScreenshotAs(RemoteWebDriver.java:295)\n\tat step_definitions.Hooks.tearDown(Hooks.java:30)\n\tat java.base/jdk.internal.reflect.NativeMethodAccessorImpl.invoke0(Native Method)\n\tat java.base/jdk.internal.reflect.NativeMethodAccessorImpl.invoke(NativeMethodAccessorImpl.java:62)\n\tat java.base/jdk.internal.reflect.DelegatingMethodAccessorImpl.invoke(DelegatingMethodAccessorImpl.java:43)\n\tat java.base/java.lang.reflect.Method.invoke(Method.java:566)\n\tat cucumber.runtime.Utils$1.call(Utils.java:26)\n\tat cucumber.runtime.Timeout.timeout(Timeout.java:16)\n\tat cucumber.runtime.Utils.invoke(Utils.java:20)\n\tat cucumber.runtime.java.JavaHookDefinition.execute(JavaHookDefinition.java:60)\n\tat cucumber.runner.HookDefinitionMatch.runStep(HookDefinitionMatch.java:16)\n\tat cucumber.runner.TestStep.executeStep(TestStep.java:63)\n\tat cucumber.runner.TestStep.run(TestStep.java:49)\n\tat cucumber.runner.TestCase.run(TestCase.java:48)\n\tat cucumber.runner.Runner.runPickle(Runner.java:40)\n\tat cucumber.runtime.junit.PickleRunners$NoStepDescriptions.run(PickleRunners.java:146)\n\tat cucumber.runtime.junit.FeatureRunner.runChild(FeatureRunner.java:68)\n\tat cucumber.runtime.junit.FeatureRunner.runChild(FeatureRunner.java:23)\n\tat org.junit.runners.ParentRunner$3.run(ParentRunner.java:290)\n\tat org.junit.runners.ParentRunner$1.schedule(ParentRunner.java:71)\n\tat org.junit.runners.ParentRunner.runChildren(ParentRunner.java:288)\n\tat org.junit.runners.ParentRunner.access$000(ParentRunner.java:58)\n\tat org.junit.runners.ParentRunner$2.evaluate(ParentRunner.java:268)\n\tat org.junit.runners.ParentRunner.run(ParentRunner.java:363)\n\tat cucumber.runtime.junit.FeatureRunner.run(FeatureRunner.java:73)\n\tat cucumber.api.junit.Cucumber.runChild(Cucumber.java:124)\n\tat cucumber.api.junit.Cucumber.runChild(Cucumber.java:65)\n\tat org.junit.runners.ParentRunner$3.run(ParentRunner.java:290)\n\tat org.junit.runners.ParentRunner$1.schedule(ParentRunner.java:71)\n\tat org.junit.runners.ParentRunner.runChildren(ParentRunner.java:288)\n\tat org.junit.runners.ParentRunner.access$000(ParentRunner.java:58)\n\tat org.junit.runners.ParentRunner$2.evaluate(ParentRunner.java:268)\n\tat cucumber.api.junit.Cucumber$1.evaluate(Cucumber.java:133)\n\tat org.junit.runners.ParentRunner.run(ParentRunner.java:363)\n\tat org.junit.runner.JUnitCore.run(JUnitCore.java:137)\n\tat com.intellij.junit4.JUnit4IdeaTestRunner.startRunnerWithArgs(JUnit4IdeaTestRunner.java:68)\n\tat com.intellij.rt.execution.junit.IdeaTestRunner$Repeater.startRunnerWithArgs(IdeaTestRunner.java:47)\n\tat com.intellij.rt.execution.junit.JUnitStarter.prepareStreamsAndStart(JUnitStarter.java:242)\n\tat com.intellij.rt.execution.junit.JUnitStarter.main(JUnitStarter.java:70)\n",
              "duration": 8151763,
              "status": "failed"
            },
            "match": {
              "location": "Hooks.tearDown(Scenario)"
            }
          }
        ],
        "type": "scenario",
        "keyword": "Scenario",
        "steps": [
          {
            "result": {
              "error_message": "org.openqa.selenium.NoSuchSessionException: invalid session id\nBuild info: version: \u00273.141.59\u0027, revision: \u0027e82be7d358\u0027, time: \u00272018-11-14T08:17:03\u0027\nSystem info: host: \u0027Anvars-MacBook-Pro.local\u0027, ip: \u0027fe80:0:0:0:83:14fe:b3f5:81c5%en0\u0027, os.name: \u0027Mac OS X\u0027, os.arch: \u0027x86_64\u0027, os.version: \u002710.15\u0027, java.version: \u002711.0.4\u0027\nDriver info: org.openqa.selenium.chrome.ChromeDriver\nCapabilities {acceptInsecureCerts: false, browserName: chrome, browserVersion: 80.0.3987.122, chrome: {chromedriverVersion: 80.0.3987.106 (f68069574609..., userDataDir: /var/folders/0r/rrs1rwd94h3...}, goog:chromeOptions: {debuggerAddress: localhost:60765}, javascriptEnabled: true, networkConnectionEnabled: false, pageLoadStrategy: normal, platform: MAC, platformName: MAC, proxy: Proxy(), setWindowRect: true, strictFileInteractability: false, timeouts: {implicit: 0, pageLoad: 300000, script: 30000}, unhandledPromptBehavior: dismiss and notify}\nSession ID: d12dd66c163f9b184f4aaec90600548e\n\tat java.base/jdk.internal.reflect.NativeConstructorAccessorImpl.newInstance0(Native Method)\n\tat java.base/jdk.internal.reflect.NativeConstructorAccessorImpl.newInstance(NativeConstructorAccessorImpl.java:62)\n\tat java.base/jdk.internal.reflect.DelegatingConstructorAccessorImpl.newInstance(DelegatingConstructorAccessorImpl.java:45)\n\tat java.base/java.lang.reflect.Constructor.newInstance(Constructor.java:490)\n\tat org.openqa.selenium.remote.http.W3CHttpResponseCodec.createException(W3CHttpResponseCodec.java:187)\n\tat org.openqa.selenium.remote.http.W3CHttpResponseCodec.decode(W3CHttpResponseCodec.java:122)\n\tat org.openqa.selenium.remote.http.W3CHttpResponseCodec.decode(W3CHttpResponseCodec.java:49)\n\tat org.openqa.selenium.remote.HttpCommandExecutor.execute(HttpCommandExecutor.java:158)\n\tat org.openqa.selenium.remote.service.DriverCommandExecutor.execute(DriverCommandExecutor.java:83)\n\tat org.openqa.selenium.remote.RemoteWebDriver.execute(RemoteWebDriver.java:552)\n\tat org.openqa.selenium.remote.RemoteWebDriver.get(RemoteWebDriver.java:277)\n\tat step_definitions.CurrentLocation_StepDefs.user_is_on_Landing_page(CurrentLocation_StepDefs.java:23)\n\tat âœ½.User is on Landing page(src/test/resources/features/currentLocation.feature:18)\n",
              "duration": 92015726,
              "status": "failed"
            },
            "line": 18,
            "name": "User is on Landing page",
            "match": {
              "location": "CurrentLocation_StepDefs.user_is_on_Landing_page()"
            },
            "keyword": "Given "
          },
          {
            "result": {
              "duration": 9204,
              "status": "skipped"
            },
            "line": 19,
            "name": "User click to repairs module",
            "match": {
              "location": "CurrentLocation_StepDefs.user_click_to_repairs_module()"
            },
            "keyword": "When "
          },
          {
            "result": {
              "duration": 5434,
              "status": "skipped"
            },
            "line": 20,
            "name": "User click create button",
            "match": {
              "location": "CurrentLocation_StepDefs.user_click_create_button()"
            },
            "keyword": "And "
          },
          {
            "result": {
              "duration": 4231,
              "status": "skipped"
            },
            "line": 21,
            "name": "User click current location box",
            "match": {
              "location": "CurrentLocation_StepDefs.user_click_current_location_box()"
            },
            "keyword": "And "
          },
          {
            "result": {
              "duration": 4102,
              "status": "skipped"
            },
            "line": 22,
            "name": "User select search more from dropdown list",
            "match": {
              "location": "CurrentLocation_StepDefs.user_select_search_more_from_dropdown_list()"
            },
            "keyword": "And "
          },
          {
            "result": {
              "duration": 4053,
              "status": "skipped"
            },
            "line": 23,
            "name": "User sees header Search: Delivery Location",
            "match": {
              "location": "CurrentLocation_StepDefs.user_sees_header_Search_Delivery_Location()"
            },
            "keyword": "Then "
          }
        ],
        "tags": [
          {
            "name": "@test2"
          }
        ]
      }
    ],
    "name": "Repairs Module Verification",
    "description": "  Agile story: As a User I should be able to access repairs list, search for repair, create/edit/delete a repair",
    "id": "repairs-module-verification",
    "keyword": "Feature",
    "uri": "src/test/resources/features/currentLocation.feature",
    "tags": []
  }
]